2026-04-16 13:39:25,492 - INFO - Starting scrape...
2026-04-16 13:39:34,859 - INFO - Found 10 banks
2026-04-16 13:39:35,231 - INFO - All bank services operational
2026-04-16 13:39:35,233 - INFO - Logged 10 banks to CSV
2026-04-16 13:39:37,348 - INFO - Browser closed
2026-04-16 13:39:41,433 - INFO - Script completed successfully
2026-04-16 13:45:38,520 - INFO - Starting scrape...
2026-04-16 13:45:45,482 - INFO - Found 10 banks
2026-04-16 13:45:45,871 - INFO - All bank services operational
2026-04-16 13:45:45,872 - INFO - Logged 10 banks to CSV
2026-04-16 13:45:47,942 - INFO - Browser closed
2026-04-16 13:45:52,027 - INFO - Script completed successfully
2026-04-16 14:21:35,276 - INFO - Starting scrape...
2026-04-16 14:21:41,884 - INFO - Found 10 banks
2026-04-16 14:21:42,939 - INFO - All bank services operational
2026-04-16 14:21:42,943 - INFO - Logged 10 banks to CSV
2026-04-16 14:21:45,231 - INFO - Browser closed
2026-04-16 14:21:49,326 - INFO - Script completed successfully
2026-04-16 14:21:49,846 - INFO - Starting scrape...
2026-04-16 14:21:56,636 - INFO - Found 10 banks
2026-04-16 14:21:57,282 - INFO - All bank services operational
2026-04-16 14:21:57,285 - INFO - Logged 10 banks to CSV
2026-04-16 14:21:59,403 - INFO - Browser closed
2026-04-16 14:22:03,452 - INFO - Script completed successfully
